{
  "0 debug pnpm:scope": {
    "selected": 1
  },
  "1 error pnpm": {
    "shortMessage": "Command failed with exit code 1: /usr/bin/pnpm add svelte@next --global --global-dir /tmp/dlx-953 --dir /tmp/dlx-953",
    "command": "/usr/bin/pnpm add svelte@next --global --global-dir /tmp/dlx-953 --dir /tmp/dlx-953",
    "escapedCommand": "\"/usr/bin/pnpm\" add \"svelte@next\" --global --global-dir \"/tmp/dlx-953\" --dir \"/tmp/dlx-953\"",
    "exitCode": 1,
    "failed": true,
    "timedOut": false,
    "isCanceled": false,
    "killed": false,
    "err": {
      "name": "pnpm",
      "message": "Command failed with exit code 1: /usr/bin/pnpm add svelte@next --global --global-dir /tmp/dlx-953 --dir /tmp/dlx-953",
      "stack": "pnpm: Command failed with exit code 1: /usr/bin/pnpm add svelte@next --global --global-dir /tmp/dlx-953 --dir /tmp/dlx-953\n    at makeError (/usr/lib/node_modules/pnpm/dist/pnpm.cjs:42493:17)\n    at handlePromise (/usr/lib/node_modules/pnpm/dist/pnpm.cjs:43064:33)\n    at processTicksAndRejections (node:internal/process/task_queues:96:5)\n    at async Object.handler [as dlx] (/usr/lib/node_modules/pnpm/dist/pnpm.cjs:177372:7)\n    at async /usr/lib/node_modules/pnpm/dist/pnpm.cjs:182056:21\n    at async run (/usr/lib/node_modules/pnpm/dist/pnpm.cjs:182030:34)\n    at async runPnpm (/usr/lib/node_modules/pnpm/dist/pnpm.cjs:182249:5)\n    at async /usr/lib/node_modules/pnpm/dist/pnpm.cjs:182241:7"
    }
  }
}